# JRE version: Java(TM) SE Runtime Environment (8.0_381) (build 1.8.0_381-b09)
# Java VM: Java HotSpot(TM) 64-Bit Server VM (25.381-b09 mixed mode windows-amd64 compressed oops)
Heap:
 PSYoungGen      total 31232K, used 16362K [0x00000000eb200000, 0x00000000ed680000, 0x0000000100000000)
  eden space 25600K, 63% used [0x00000000eb200000,0x00000000ec1e2a08,0x00000000ecb00000)
  from space 5632K, 1% used [0x00000000ed080000,0x00000000ed098000,0x00000000ed600000)
  to   space 5632K, 0% used [0x00000000ecb00000,0x00000000ecb00000,0x00000000ed080000)
 ParOldGen       total 30208K, used 8202K [0x00000000c1600000, 0x00000000c3380000, 0x00000000eb200000)
  object space 30208K, 27% used [0x00000000c1600000,0x00000000c1e02860,0x00000000c3380000)
 Metaspace       used 20378K, capacity 21616K, committed 21632K, reserved 1069056K
  class space    used 2470K, capacity 2681K, committed 2688K, reserved 1048576K
GC Heap History (10 events):
Event: 6.324 GC heap before
{Heap before GC invocations=22 (full 1):
 PSYoungGen      total 31232K, used 25728K [0x00000000eb200000, 0x00000000ed680000, 0x0000000100000000)
  eden space 25600K, 100% used [0x00000000eb200000,0x00000000ecb00000,0x00000000ecb00000)
  from space 5632K, 2% used [0x00000000ed080000,0x00000000ed0a0000,0x00000000ed600000)
  to   space 5632K, 0% used [0x00000000ecb00000,0x00000000ecb00000,0x00000000ed080000)
 ParOldGen       total 30208K, used 7810K [0x00000000c1600000, 0x00000000c3380000, 0x00000000eb200000)
  object space 30208K, 25% used [0x00000000c1600000,0x00000000c1da0860,0x00000000c3380000)
 Metaspace       used 20368K, capacity 21610K, committed 21632K, reserved 1069056K
  class space    used 2470K, capacity 2680K, committed 2688K, reserved 1048576K
Event: 6.327 GC heap after
Heap after GC invocations=22 (full 1):
 PSYoungGen      total 31232K, used 96K [0x00000000eb200000, 0x00000000ed680000, 0x0000000100000000)
  eden space 25600K, 0% used [0x00000000eb200000,0x00000000eb200000,0x00000000ecb00000)
  from space 5632K, 1% used [0x00000000ecb00000,0x00000000ecb18000,0x00000000ed080000)
  to   space 5632K, 0% used [0x00000000ed080000,0x00000000ed080000,0x00000000ed600000)
 ParOldGen       total 30208K, used 7906K [0x00000000c1600000, 0x00000000c3380000, 0x00000000eb200000)
  object space 30208K, 26% used [0x00000000c1600000,0x00000000c1db8860,0x00000000c3380000)
 Metaspace       used 20368K, capacity 21610K, committed 21632K, reserved 1069056K
  class space    used 2470K, capacity 2680K, committed 2688K, reserved 1048576K
}
Event: 6.374 GC heap before
{Heap before GC invocations=23 (full 1):
 PSYoungGen      total 31232K, used 25683K [0x00000000eb200000, 0x00000000ed680000, 0x0000000100000000)
  eden space 25600K, 99% used [0x00000000eb200000,0x00000000ecafcd00,0x00000000ecb00000)
  from space 5632K, 1% used [0x00000000ecb00000,0x00000000ecb18000,0x00000000ed080000)
  to   space 5632K, 0% used [0x00000000ed080000,0x00000000ed080000,0x00000000ed600000)
 ParOldGen       total 30208K, used 7906K [0x00000000c1600000, 0x00000000c3380000, 0x00000000eb200000)
  object space 30208K, 26% used [0x00000000c1600000,0x00000000c1db8860,0x00000000c3380000)
 Metaspace       used 20372K, capacity 21610K, committed 21632K, reserved 1069056K
  class space    used 2470K, capacity 2680K, committed 2688K, reserved 1048576K
Event: 6.376 GC heap after
Heap after GC invocations=23 (full 1):
 PSYoungGen      total 31232K, used 160K [0x00000000eb200000, 0x00000000ed680000, 0x0000000100000000)
  eden space 25600K, 0% used [0x00000000eb200000,0x00000000eb200000,0x00000000ecb00000)
  from space 5632K, 2% used [0x00000000ed080000,0x00000000ed0a8010,0x00000000ed600000)
  to   space 5632K, 0% used [0x00000000ecb00000,0x00000000ecb00000,0x00000000ed080000)
 ParOldGen       total 30208K, used 7986K [0x00000000c1600000, 0x00000000c3380000, 0x00000000eb200000)
  object space 30208K, 26% used [0x00000000c1600000,0x00000000c1dcc860,0x00000000c3380000)
 Metaspace       used 20372K, capacity 21610K, committed 21632K, reserved 1069056K
  class space    used 2470K, capacity 2680K, committed 2688K, reserved 1048576K
}
Event: 6.426 GC heap before
{Heap before GC invocations=24 (full 1):
 PSYoungGen      total 31232K, used 25760K [0x00000000eb200000, 0x00000000ed680000, 0x0000000100000000)
  eden space 25600K, 100% used [0x00000000eb200000,0x00000000ecb00000,0x00000000ecb00000)
  from space 5632K, 2% used [0x00000000ed080000,0x00000000ed0a8010,0x00000000ed600000)
  to   space 5632K, 0% used [0x00000000ecb00000,0x00000000ecb00000,0x00000000ed080000)
 ParOldGen       total 30208K, used 7986K [0x00000000c1600000, 0x00000000c3380000, 0x00000000eb200000)
  object space 30208K, 26% used [0x00000000c1600000,0x00000000c1dcc860,0x00000000c3380000)
 Metaspace       used 20372K, capacity 21610K, committed 21632K, reserved 1069056K
  class space    used 2470K, capacity 2680K, committed 2688K, reserved 1048576K
Event: 6.432 GC heap after
Heap after GC invocations=24 (full 1):
 PSYoungGen      total 31232K, used 128K [0x00000000eb200000, 0x00000000ed680000, 0x0000000100000000)
  eden space 25600K, 0% used [0x00000000eb200000,0x00000000eb200000,0x00000000ecb00000)
  from space 5632K, 2% used [0x00000000ecb00000,0x00000000ecb20000,0x00000000ed080000)
  to   space 5632K, 0% used [0x00000000ed080000,0x00000000ed080000,0x00000000ed600000)
 ParOldGen       total 30208K, used 8026K [0x00000000c1600000, 0x00000000c3380000, 0x00000000eb200000)
  object space 30208K, 26% used [0x00000000c1600000,0x00000000c1dd6860,0x00000000c3380000)
 Metaspace       used 20372K, capacity 21610K, committed 21632K, reserved 1069056K
  class space    used 2470K, capacity 2680K, committed 2688K, reserved 1048576K
}
Event: 6.487 GC heap before
{Heap before GC invocations=25 (full 1):
 PSYoungGen      total 31232K, used 25728K [0x00000000eb200000, 0x00000000ed680000, 0x0000000100000000)
  eden space 25600K, 100% used [0x00000000eb200000,0x00000000ecb00000,0x00000000ecb00000)
  from space 5632K, 2% used [0x00000000ecb00000,0x00000000ecb20000,0x00000000ed080000)
  to   space 5632K, 0% used [0x00000000ed080000,0x00000000ed080000,0x00000000ed600000)
 ParOldGen       total 30208K, used 8026K [0x00000000c1600000, 0x00000000c3380000, 0x00000000eb200000)
  object space 30208K, 26% used [0x00000000c1600000,0x00000000c1dd6860,0x00000000c3380000)
 Metaspace       used 20377K, capacity 21616K, committed 21632K, reserved 1069056K
  class space    used 2470K, capacity 2681K, committed 2688K, reserved 1048576K
Event: 6.489 GC heap after
Heap after GC invocations=25 (full 1):
 PSYoungGen      total 31232K, used 160K [0x00000000eb200000, 0x00000000ed680000, 0x0000000100000000)
  eden space 25600K, 0% used [0x00000000eb200000,0x00000000eb200000,0x00000000ecb00000)
  from space 5632K, 2% used [0x00000000ed080000,0x00000000ed0a8000,0x00000000ed600000)
  to   space 5632K, 0% used [0x00000000ecb00000,0x00000000ecb00000,0x00000000ed080000)
 ParOldGen       total 30208K, used 8090K [0x00000000c1600000, 0x00000000c3380000, 0x00000000eb200000)
  object space 30208K, 26% used [0x00000000c1600000,0x00000000c1de6860,0x00000000c3380000)
 Metaspace       used 20377K, capacity 21616K, committed 21632K, reserved 1069056K
  class space    used 2470K, capacity 2681K, committed 2688K, reserved 1048576K
}
Event: 6.539 GC heap before
{Heap before GC invocations=26 (full 1):
 PSYoungGen      total 31232K, used 25760K [0x00000000eb200000, 0x00000000ed680000, 0x0000000100000000)
  eden space 25600K, 100% used [0x00000000eb200000,0x00000000ecb00000,0x00000000ecb00000)
  from space 5632K, 2% used [0x00000000ed080000,0x00000000ed0a8000,0x00000000ed600000)
  to   space 5632K, 0% used [0x00000000ecb00000,0x00000000ecb00000,0x00000000ed080000)
 ParOldGen       total 30208K, used 8090K [0x00000000c1600000, 0x00000000c3380000, 0x00000000eb200000)
  object space 30208K, 26% used [0x00000000c1600000,0x00000000c1de6860,0x00000000c3380000)
 Metaspace       used 20378K, capacity 21616K, committed 21632K, reserved 1069056K
  class space    used 2470K, capacity 2681K, committed 2688K, reserved 1048576K
Event: 6.542 GC heap after
Heap after GC invocations=26 (full 1):
 PSYoungGen      total 31232K, used 96K [0x00000000eb200000, 0x00000000ed680000, 0x0000000100000000)
  eden space 25600K, 0% used [0x00000000eb200000,0x00000000eb200000,0x00000000ecb00000)
  from space 5632K, 1% used [0x00000000ecb00000,0x00000000ecb18000,0x00000000ed080000)
  to   space 5632K, 0% used [0x00000000ed080000,0x00000000ed080000,0x00000000ed600000)
 ParOldGen       total 30208K, used 8170K [0x00000000c1600000, 0x00000000c3380000, 0x00000000eb200000)
  object space 30208K, 27% used [0x00000000c1600000,0x00000000c1dfa860,0x00000000c3380000)
 Metaspace       used 20378K, capacity 21616K, committed 21632K, reserved 1069056K
  class space    used 2470K, capacity 2681K, committed 2688K, reserved 1048576K
}

